  Controller.cpp
C:\Users\oscar\source\repos\PAC-MAN-IA\PAC-MAN-IA\source\Controller.cpp(108,84): warning C4244: 'argument' : conversion de 'T' en 'T', perte possible de données
          with
          [
              T=unsigned int
          ]
          and
          [
              T=float
          ]
C:\Users\oscar\source\repos\PAC-MAN-IA\PAC-MAN-IA\source\Controller.cpp(108,63): warning C4244: 'argument' : conversion de 'T' en 'T', perte possible de données
          with
          [
              T=unsigned int
          ]
          and
          [
              T=float
          ]
C:\Users\oscar\source\repos\PAC-MAN-IA\PAC-MAN-IA\source\Controller.cpp(116,44): warning C4244: 'argument' : conversion de 'int' en 'float', perte possible de données
C:\Users\oscar\source\repos\PAC-MAN-IA\PAC-MAN-IA\source\Controller.cpp(116,29): warning C4244: 'argument' : conversion de 'int' en 'float', perte possible de données
  Main.cpp
  Génération de code en cours...
  PAC-MAN-IA.vcxproj -> C:\Users\oscar\source\repos\PAC-MAN-IA\Debug\PAC-MAN-IA.exe
